[START] task=gdpr_contract_easy env=pii_redaction model=moonshotai/kimi-k2-instruct-0905
[STEP] step=1 action=ERROR reward=0.00 done=true error=Connection error.
[END] success=false steps=1 score=0.000 rewards= time=19.86s
[START] task=hipaa_medical_medium env=pii_redaction model=moonshotai/kimi-k2-instruct-0905
[STEP] step=1 action=REDACT(56,73) reward=0.89 done=false error=null
[STEP] step=2 action=REDACT(37,51) reward=0.85 done=false error=null
[STEP] step=3 action=REDACT(89,116) reward=0.81 done=false error=null
[STEP] step=4 action=NEXT_CHUNK reward=0.50 done=false error=null
[STEP] step=5 action=FINISH reward=0.50 done=true error=null
[END] success=false steps=5 score=0.710 rewards=0.89,0.85,0.81,0.50,0.50 time=6.25s
[START] task=security_logs_hard env=pii_redaction model=moonshotai/kimi-k2-instruct-0905
[STEP] step=1 action=REDACT(56,66) reward=0.44 done=false error=null
[STEP] step=2 action=REDACT(67,104) reward=0.41 done=false error=null
[STEP] step=3 action=REDACT(105,135) reward=0.78 done=false error=null
[STEP] step=4 action=REDACT(191,218) reward=0.70 done=false error=null
[STEP] step=5 action=FINISH reward=0.50 done=true error=null
[END] success=false steps=5 score=0.564 rewards=0.44,0.41,0.78,0.70,0.50 time=6.53s

============================================================
Summary saved to: outputs\summary_20260408_142811.json
Log file saved to: outputs\inference_20260408_142811.log
============================================================

