[START] task=gdpr_contract_easy env=pii_redaction model=google/gemma-4-31b-it
[STEP] step=1 action=REDACT(59,69) reward=0.84 done=false error=null
[STEP] step=2 action=ERROR reward=0.00 done=true error=Request timed out.
[END] success=false steps=2 score=0.843 rewards=0.84 time=42.76s
[START] task=hipaa_medical_medium env=pii_redaction model=google/gemma-4-31b-it
[STEP] step=1 action=REDACT(56,73) reward=0.87 done=false error=null
[STEP] step=2 action=REDACT(93,116) reward=0.83 done=false error=null
[STEP] step=3 action=NEXT_CHUNK reward=0.35 done=false error=null
[STEP] step=4 action=NEXT_CHUNK reward=0.51 done=false error=null
[STEP] step=5 action=NEXT_CHUNK reward=0.51 done=false error=null
[STEP] step=6 action=FINISH reward=0.50 done=true error=cursor_clamped
[END] success=false steps=6 score=0.595 rewards=0.87,0.83,0.35,0.51,0.51,0.50 time=34.24s
[START] task=security_logs_hard env=pii_redaction model=google/gemma-4-31b-it
[STEP] step=1 action=REDACT(63,72) reward=0.88 done=false error=null
[STEP] step=2 action=REDACT(129,137) reward=0.40 done=false error=null
[STEP] step=3 action=REDACT(178,199) reward=0.70 done=false error=null
[STEP] step=4 action=NEXT_CHUNK reward=0.35 done=false error=null
[STEP] step=5 action=REDACT(100,137) reward=0.78 done=false error=null
[STEP] step=6 action=REDACT(168,199) reward=0.59 done=false error=null
[STEP] step=7 action=NEXT_CHUNK reward=0.51 done=false error=null
[STEP] step=8 action=REDACT(200,214) reward=0.42 done=false error=null
[STEP] step=9 action=REDACT(368,382) reward=0.38 done=false error=null
[STEP] step=10 action=REDACT(343,351) reward=0.39 done=false error=null
[STEP] step=11 action=REDACT(352,361) reward=0.39 done=false error=null
[STEP] step=12 action=NEXT_CHUNK reward=0.35 done=false error=null
[STEP] step=13 action=REDACT(383,414) reward=0.42 done=false error=null
[STEP] step=14 action=NEXT_CHUNK reward=0.35 done=false error=null
[STEP] step=15 action=FINISH reward=0.50 done=true error=null
[END] success=false steps=15 score=0.494 rewards=0.88,0.40,0.70,0.35,0.78,0.59,0.51,0.42,0.38,0.39,0.39,0.35,0.42,0.35,0.50 time=77.12s

============================================================
Summary saved to: outputs\summary_20260408_213906.json
Log file saved to: outputs\inference_20260408_213906.log
============================================================

